     8>D:\projects\mipt2024s-3-check\mipt2024s-3-koshelev-a\prj.check\prj.check\doctest_stacklst\doctest_stacklst_moveable.cpp(3,10): error C1083: Cannot open include file: 'stacklst/stacklst.hpp': No such file or directory [D:\projects\mipt2024s-3-check\mipt2024s-3-koshelev-a\build.check\prj.check\prj.check\doctest_stacklst\doctest_stacklst_m.vcxproj]
     6>D:\projects\mipt2024s-3-check\mipt2024s-3-koshelev-a\prj.check\prj.check\doctest_stackarr\doctest_stackarr_moveable.cpp(3,10): error C1083: Cannot open include file: 'stackarr/stackarr.hpp': No such file or directory [D:\projects\mipt2024s-3-check\mipt2024s-3-koshelev-a\build.check\prj.check\prj.check\doctest_stackarr\doctest_stackarr_m.vcxproj]
    16>D:\projects\mipt2024s-3-check\mipt2024s-3-koshelev-a\prj.check\prj.check\doctest_stacklst\doctest_stacklst.cpp(3,10): error C1083: Cannot open include file: 'stacklst/stacklst.hpp': No such file or directory [D:\projects\mipt2024s-3-check\mipt2024s-3-koshelev-a\build.check\prj.check\prj.check\doctest_stacklst\doctest_stacklst.vcxproj]
     5>D:\projects\mipt2024s-3-check\mipt2024s-3-koshelev-a\prj.check\prj.check\doctest_stackarr\doctest_stackarr.cpp(3,10): error C1083: Cannot open include file: 'stackarr/stackarr.hpp': No such file or directory [D:\projects\mipt2024s-3-check\mipt2024s-3-koshelev-a\build.check\prj.check\prj.check\doctest_stackarr\doctest_stackarr.vcxproj]
    14>D:\projects\mipt2024s-3-check\mipt2024s-3-koshelev-a\prj.check\prj.check\doctest_stackarrt\doctest_stackarrt_moveable.cpp(3,10): error C1083: Cannot open include file: 'stackarr/stackarr.hpp': No such file or directory [D:\projects\mipt2024s-3-check\mipt2024s-3-koshelev-a\build.check\prj.check\prj.check\doctest_stackarrt\doctest_stackarrt_m.vcxproj]
    18>D:\projects\mipt2024s-3-check\mipt2024s-3-koshelev-a\prj.check\prj.check\doctest_stackarrt\doctest_stackarrt.cpp(3,10): error C1083: Cannot open include file: 'stackarrt/stackarrt.hpp': No such file or directory [D:\projects\mipt2024s-3-check\mipt2024s-3-koshelev-a\build.check\prj.check\prj.check\doctest_stackarrt\doctest_stackarrt.vcxproj]
    19>C:\Program Files\Microsoft Visual Studio\2022\Community\VC\Tools\MSVC\14.38.33130\include\random(2017,5): error C2338: static_assert failed: 'invalid template argument for uniform_int_distribution: N4950 [rand.req.genl]/1.5 requires one of short, int, long, long long, unsigned short, unsigned int, unsigned long, or unsigned long long' [D:\projects\mipt2024s-3-check\mipt2024s-3-koshelev-a\build.check\prj.app\string-profiler.vcxproj]
    19>C:\Program Files\Microsoft Visual Studio\2022\Community\VC\Tools\MSVC\14.38.33130\include\random(2017,5): error C2338: static_assert failed: 'note: char, signed char, unsigned char, char8_t, int8_t, and uint8_t are not allowed' [D:\projects\mipt2024s-3-check\mipt2024s-3-koshelev-a\build.check\prj.app\string-profiler.vcxproj]
    12>C:\Program Files\Microsoft Visual Studio\2022\Community\VC\Tools\MSVC\14.38.33130\include\random(2017,5): error C2338: static_assert failed: 'invalid template argument for uniform_int_distribution: N4950 [rand.req.genl]/1.5 requires one of short, int, long, long long, unsigned short, unsigned int, unsigned long, or unsigned long long' [D:\projects\mipt2024s-3-check\mipt2024s-3-koshelev-a\build.check\prj.app\json-reader.vcxproj]
    12>C:\Program Files\Microsoft Visual Studio\2022\Community\VC\Tools\MSVC\14.38.33130\include\random(2017,5): error C2338: static_assert failed: 'note: char, signed char, unsigned char, char8_t, int8_t, and uint8_t are not allowed' [D:\projects\mipt2024s-3-check\mipt2024s-3-koshelev-a\build.check\prj.app\json-reader.vcxproj]
    21>C:\Program Files\Microsoft Visual Studio\2022\Community\VC\Tools\MSVC\14.38.33130\include\random(2017,5): error C2338: static_assert failed: 'invalid template argument for uniform_int_distribution: N4950 [rand.req.genl]/1.5 requires one of short, int, long, long long, unsigned short, unsigned int, unsigned long, or unsigned long long' [D:\projects\mipt2024s-3-check\mipt2024s-3-koshelev-a\build.check\prj.app\timer-profiler.vcxproj]
    21>C:\Program Files\Microsoft Visual Studio\2022\Community\VC\Tools\MSVC\14.38.33130\include\random(2017,5): error C2338: static_assert failed: 'note: char, signed char, unsigned char, char8_t, int8_t, and uint8_t are not allowed' [D:\projects\mipt2024s-3-check\mipt2024s-3-koshelev-a\build.check\prj.app\timer-profiler.vcxproj]
    10>C:\Program Files\Microsoft Visual Studio\2022\Community\VC\Tools\MSVC\14.38.33130\include\random(2017,5): error C2338: static_assert failed: 'invalid template argument for uniform_int_distribution: N4950 [rand.req.genl]/1.5 requires one of short, int, long, long long, unsigned short, unsigned int, unsigned long, or unsigned long long' [D:\projects\mipt2024s-3-check\mipt2024s-3-koshelev-a\build.check\prj.app\stack-profiler.vcxproj]
    10>C:\Program Files\Microsoft Visual Studio\2022\Community\VC\Tools\MSVC\14.38.33130\include\random(2017,5): error C2338: static_assert failed: 'note: char, signed char, unsigned char, char8_t, int8_t, and uint8_t are not allowed' [D:\projects\mipt2024s-3-check\mipt2024s-3-koshelev-a\build.check\prj.app\stack-profiler.vcxproj]
